<?xml version="1.0" encoding="UTF-8"?>
<!-- Generated by org.testng.reporters.JUnitReportReporter -->
<testsuite hostname="FOREVADJ" failures="0" tests="1" name="Testcases.formTest" time="48.430" errors="0" timestamp="2021-07-08T02:04:56 IST" skipped="0">
  <testcase classname="Testcases.formTest" name="formFillTest" time="48.430"/>
  <system-out/>
</testsuite> <!-- Testcases.formTest -->
