<?xml version="1.0" encoding="UTF-8"?>
<!-- Generated by org.testng.reporters.JUnitReportReporter -->
<testsuite hostname="FOREVADJ" failures="0" tests="1" name="Testcases.componentTest" time="95.612" errors="0" timestamp="2021-07-07T20:59:47 IST" skipped="0">
  <testcase classname="Testcases.componentTest" name="compTest" time="95.612"/>
  <system-out/>
</testsuite> <!-- Testcases.componentTest -->
