<?xml version="1.0" encoding="UTF-8"?>
<!-- Generated by org.testng.reporters.JUnitReportReporter -->
<testsuite hostname="FOREVADJ" failures="0" tests="1" name="Testcases.GitTest" time="17.946" errors="0" timestamp="2021-07-06T13:15:25 IST" skipped="0">
  <testcase classname="Testcases.GitTest" name="loginTest" time="17.946"/>
  <system-out/>
</testsuite> <!-- Testcases.GitTest -->
