<?xml version="1.0" encoding="UTF-8"?>
<!-- Generated by org.testng.reporters.JUnitReportReporter -->
<testsuite hostname="FOREVADJ" failures="0" tests="1" name="Testcases.formTest" time="53.597" errors="0" timestamp="2021-07-08T16:32:40 IST" skipped="0">
  <testcase classname="Testcases.formTest" name="formFillTest" time="53.597"/>
  <system-out/>
</testsuite> <!-- Testcases.formTest -->
