<?xml version="1.0" encoding="UTF-8"?>
<!-- Generated by org.testng.reporters.JUnitReportReporter -->
<testsuite hostname="FOREVADJ" failures="0" tests="1" name="Testcases.formTest" time="51.915" errors="0" timestamp="2021-07-12T12:42:13 IST" skipped="0">
  <testcase classname="Testcases.formTest" name="formFillTest" time="51.915"/>
  <system-out/>
</testsuite> <!-- Testcases.formTest -->
