<?xml version="1.0" encoding="UTF-8"?>
<!-- Generated by org.testng.reporters.JUnitReportReporter -->
<testsuite hostname="FOREVADJ" failures="0" tests="1" name="Testcase.driveTest3" time="71.925" errors="0" timestamp="2021-07-12T09:22:08 IST" skipped="0">
  <testcase classname="Testcase.driveTest3" name="test3" time="71.925"/>
  <system-out/>
</testsuite> <!-- Testcase.driveTest3 -->
