<?xml version="1.0" encoding="UTF-8"?>
<!-- Generated by org.testng.reporters.JUnitReportReporter -->
<testsuite hostname="FOREVADJ" failures="0" tests="1" name="Testcase.dataTest1" time="0.000" errors="0" timestamp="2021-07-08T13:42:16 IST" skipped="1">
  <testcase classname="Testcase.dataTest1" name="dataDrivenTest" time="0.000">
    <skipped/>
  </testcase> <!-- dataDrivenTest -->
  <system-out/>
</testsuite> <!-- Testcase.dataTest1 -->
